ERROR 2018/05/06 16:52:42 route_auth.go:59: sql: no rows in result set Cannot find user
WARNING 2018/05/06 17:17:36 route_auth.go:124: <nil>: User admin has not permission for hendler 0x1310dc0
WARNING 2018/05/06 17:21:32 route_auth.go:125: <nil>: User bak has not permission for requested page
ERROR 2018/05/07 01:17:01 route_auth.go:47: dial tcp [::1]:5432: connect: connection refused Cannot create user
ERROR 2018/05/07 01:19:04 route_auth.go:47: dial tcp [::1]:5432: connect: connection refused Cannot create user
ERROR 2018/05/07 01:19:57 route_auth.go:47: dial tcp [::1]:5432: connect: connection refused Cannot create user
ERROR 2018/05/07 01:53:43 route_auth.go:47: pq: duplicate key value violates unique constraint "users_email_key" Cannot create user
ERROR 2018/05/07 01:55:39 route_auth.go:47: pq: duplicate key value violates unique constraint "users_email_key" Cannot create user
ERROR 2018/05/07 01:56:14 route_auth.go:47: pq: duplicate key value violates unique constraint "users_email_key" Cannot create user
ERROR 2018/05/07 01:56:32 route_auth.go:47: pq: duplicate key value violates unique constraint "users_email_key" Cannot create user
ERROR 2018/05/07 01:56:55 route_auth.go:47: pq: duplicate key value violates unique constraint "users_email_key" Cannot create user
ERROR 2018/05/07 09:03:08 route_auth.go:47: pq: duplicate key value violates unique constraint "users_email_key" Cannot create user
ERROR 2018/05/07 15:56:17 route_auth.go:59: sql: no rows in result set Cannot find user
WARNING 2018/05/07 16:28:10 route_auth.go:115: http: named cookie not present Failed to get/verify cookie "session"
WARNING 2018/05/07 16:28:48 route_auth.go:131: <nil>: User user has not permission for requested page
WARNING 2018/05/08 00:27:05 route_auth.go:118: http: named cookie not present Failed to get/verify cookie "session"
WARNING 2018/05/08 01:19:25 route_auth.go:131: <nil>: User user has not permission for requested page
WARNING 2018/05/08 01:19:38 route_auth.go:131: <nil>: User user has not permission for requested page
ERROR 2018/05/08 09:59:14 route_auth.go:59: dial tcp [::1]:5432: connect: connection refused Cannot find user
WARNING 2018/05/08 10:00:23 utils.go:137: http: named cookie not present Failed to get/verify cookie "session"
WARNING 2018/05/08 12:12:10 route_auth.go:151: User bak: confirm password mismatch with new password
ERROR 2018/05/08 12:12:45 route_auth.go:143: crypto/bcrypt: hashedPassword is not the hash of the given password Old passwords invalid
ERROR 2018/05/08 12:12:55 route_auth.go:143: crypto/bcrypt: hashedPassword is not the hash of the given password Old passwords invalid
ERROR 2018/05/08 12:13:03 route_auth.go:143: crypto/bcrypt: hashedPassword is not the hash of the given password Old passwords invalid
ERROR 2018/05/08 12:13:09 route_auth.go:143: crypto/bcrypt: hashedPassword is not the hash of the given password Old passwords invalid
ERROR 2018/05/08 12:13:34 route_auth.go:143: crypto/bcrypt: hashedPassword is not the hash of the given password Old passwords invalid
WARNING 2018/05/08 12:14:09 route_auth.go:151: User bak: confirm password mismatch with new password
ERROR 2018/05/08 12:14:17 route_auth.go:143: crypto/bcrypt: hashedPassword is not the hash of the given password Old passwords invalid
ERROR 2018/05/08 12:14:27 route_auth.go:143: crypto/bcrypt: hashedPassword is not the hash of the given password Old passwords invalid
WARNING 2018/05/08 12:16:54 route_auth.go:151: User bak: confirm password mismatch with new password
ERROR 2018/05/08 12:17:04 route_auth.go:143: crypto/bcrypt: hashedPassword is not the hash of the given password Old passwords invalid
WARNING 2018/05/08 12:19:01 route_auth.go:153: User bak: confirm password mismatch with new password
ERROR 2018/05/08 12:19:30 route_auth.go:144: crypto/bcrypt: hashedPassword is not the hash of the given password Old passwords invalid
WARNING 2018/05/08 12:19:38 route_auth.go:153: User bak: confirm password mismatch with new password
WARNING 2018/05/08 12:20:47 utils.go:137: http: named cookie not present Failed to get/verify cookie "session"
WARNING 2018/05/08 15:54:25 utils.go:137: http: named cookie not present Failed to get/verify cookie "session"
WARNING 2018/05/08 16:08:45 utils.go:139: http: named cookie not present Failed to get/verify cookie "session"
WARNING 2018/05/08 16:22:04 utils.go:139: http: named cookie not present Failed to get/verify cookie "session"
WARNING 2018/05/08 16:32:59 utils.go:139: http: named cookie not present Failed to get/verify cookie "session"
WARNING 2018/05/08 16:33:09 utils.go:139: http: named cookie not present Failed to get/verify cookie "session"
WARNING 2018/05/08 16:33:21 utils.go:139: http: named cookie not present Failed to get/verify cookie "session"
WARNING 2018/05/08 17:00:43 utils.go:139: http: named cookie not present Failed to get/verify cookie "session"
